<?xml version="1.0" encoding="UTF-8"?>
<testsuite name="TestSuite" time="58.218" tests="6" errors="0" skipped="3" failures="1">
  <properties>
    <property name="java.runtime.name" value="OpenJDK Runtime Environment"/>
    <property name="sun.boot.library.path" value="/usr/lib/jvm/java-7-openjdk-i386/jre/lib/i386"/>
    <property name="java.vm.version" value="24.75-b04"/>
    <property name="java.vm.vendor" value="Oracle Corporation"/>
    <property name="java.vendor.url" value="http://java.oracle.com/"/>
    <property name="path.separator" value=":"/>
    <property name="guice.disable.misplaced.annotation.check" value="true"/>
    <property name="java.vm.name" value="OpenJDK Client VM"/>
    <property name="file.encoding.pkg" value="sun.io"/>
    <property name="user.country" value="US"/>
    <property name="sun.java.launcher" value="SUN_STANDARD"/>
    <property name="sun.os.patch.level" value="unknown"/>
    <property name="java.vm.specification.name" value="Java Virtual Machine Specification"/>
    <property name="user.dir" value="/home/sayed/Desktop/mvrep4-master/LaitkorAf"/>
    <property name="java.runtime.version" value="1.7.0_75-b13"/>
    <property name="java.awt.graphicsenv" value="sun.awt.X11GraphicsEnvironment"/>
    <property name="java.endorsed.dirs" value="/usr/lib/jvm/java-7-openjdk-i386/jre/lib/endorsed"/>
    <property name="os.arch" value="i386"/>
    <property name="java.io.tmpdir" value="/tmp"/>
    <property name="line.separator" value="&#10;"/>
    <property name="java.vm.specification.vendor" value="Oracle Corporation"/>
    <property name="os.name" value="Linux"/>
    <property name="classworlds.conf" value="/home/sayed/Desktop/.metadata/.plugins/org.eclipse.m2e.core/launches/m2conf8499254926641823904.tmp"/>
    <property name="sun.jnu.encoding" value="UTF-8"/>
    <property name="java.library.path" value="/usr/lib/jvm/java-7-openjdk-i386/jre/lib/i386/client:/usr/lib/jvm/java-7-openjdk-i386/jre/lib/i386:/usr/lib/xulrunner-addons:/usr/lib/xulrunner-addons:/usr/java/packages/lib/i386:/usr/lib/i386-linux-gnu/jni:/lib/i386-linux-gnu:/usr/lib/i386-linux-gnu:/usr/lib/jni:/lib:/usr/lib"/>
    <property name="java.specification.name" value="Java Platform API Specification"/>
    <property name="java.class.version" value="51.0"/>
    <property name="sun.management.compiler" value="HotSpot Client Compiler"/>
    <property name="os.version" value="3.13.0-44-generic"/>
    <property name="user.home" value="/home/sayed"/>
    <property name="user.timezone" value="Asia/Colombo"/>
    <property name="java.awt.printerjob" value="sun.print.PSPrinterJob"/>
    <property name="file.encoding" value="UTF-8"/>
    <property name="java.specification.version" value="1.7"/>
    <property name="user.name" value="sayed"/>
    <property name="java.class.path" value="/home/sayed/Desktop/eclipse/configuration/org.eclipse.osgi/bundles/782/1/.cp/jars/plexus-classworlds-2.4.jar"/>
    <property name="java.vm.specification.version" value="1.7"/>
    <property name="sun.arch.data.model" value="32"/>
    <property name="java.home" value="/usr/lib/jvm/java-7-openjdk-i386/jre"/>
    <property name="sun.java.command" value="org.codehaus.plexus.classworlds.launcher.Launcher -B test"/>
    <property name="java.specification.vendor" value="Oracle Corporation"/>
    <property name="user.language" value="en"/>
    <property name="awt.toolkit" value="sun.awt.X11.XToolkit"/>
    <property name="java.vm.info" value="mixed mode, sharing"/>
    <property name="java.version" value="1.7.0_75"/>
    <property name="java.ext.dirs" value="/usr/lib/jvm/java-7-openjdk-i386/jre/lib/ext:/usr/java/packages/lib/ext"/>
    <property name="securerandom.source" value="file:/dev/./urandom"/>
    <property name="sun.boot.class.path" value="/usr/lib/jvm/java-7-openjdk-i386/jre/lib/resources.jar:/usr/lib/jvm/java-7-openjdk-i386/jre/lib/rt.jar:/usr/lib/jvm/java-7-openjdk-i386/jre/lib/sunrsasign.jar:/usr/lib/jvm/java-7-openjdk-i386/jre/lib/jsse.jar:/usr/lib/jvm/java-7-openjdk-i386/jre/lib/jce.jar:/usr/lib/jvm/java-7-openjdk-i386/jre/lib/charsets.jar:/usr/lib/jvm/java-7-openjdk-i386/jre/lib/rhino.jar:/usr/lib/jvm/java-7-openjdk-i386/jre/lib/jfr.jar:/usr/lib/jvm/java-7-openjdk-i386/jre/classes"/>
    <property name="java.vendor" value="Oracle Corporation"/>
    <property name="maven.home" value="/home/sayed/Desktop/mvrep4-master/LaitkorAf/EMBEDDED"/>
    <property name="file.separator" value="/"/>
    <property name="java.vendor.url.bug" value="http://bugreport.sun.com/bugreport/"/>
    <property name="sun.cpu.endian" value="little"/>
    <property name="sun.io.unicode.encoding" value="UnicodeLittle"/>
    <property name="sun.desktop" value="gnome"/>
    <property name="sun.cpu.isalist" value=""/>
  </properties>
  <testcase name="paralleltetsone" classname="Laitkorgp.AppTest" time="11.149"/>
  <testcase name="paralleltesttwo" classname="Laitkorgp.AppTest" time="11.373"/>
  <testcase name="bef" classname="Laitkorgp.AppTest" time="35.696">
    <failure message="Failed to connect to binary FirefoxBinary(/usr/bin/firefox) on port 7055; process output follows: &#10;bfc2-0800200c9a66}&quot;:{&quot;d&quot;:&quot;/usr/share/mozilla/extensions/{ec8030f7-c20a-464f-9b0e-13a3a9e97384}/{2e1445b0-2682-11e1-bfc2-0800200c9a66}&quot;,&quot;e&quot;:false,&quot;v&quot;:&quot;2014.08.06.beta&quot;,&quot;st&quot;:1421999490000,&quot;mt&quot;:1407283796000},&quot;ubufox@ubuntu.com&quot;:{&quot;d&quot;:&quot;/usr/share/mozilla/extensions/{ec8030f7-c20a-464f-9b0e-13a3a9e97384}/ubufox@ubuntu.com&quot;,&quot;e&quot;:false,&quot;v&quot;:&quot;3.0&quot;,&quot;st&quot;:1421999490000,&quot;mt&quot;:1420839872000}},&quot;app-system-local&quot;:{&quot;online-accounts@lists.launchpad.net&quot;:{&quot;d&quot;:&quot;/usr/lib/mozilla/extensions/{ec8030f7-c20a-464f-9b0e-13a3a9e97384}/online-accounts@lists.launchpad.net&quot;,&quot;e&quot;:false,&quot;v&quot;:&quot;0.5&quot;,&quot;st&quot;:1421999491000,&quot;mt&quot;:1390969638000}}}&#10;1437484252380	addons.xpi	DEBUG	getModTime: Recursive scan of fxdriver@googlecode.com&#10;1437484252406	addons.xpi	DEBUG	getModTime: Recursive scan of {972ce4c6-7e08-4474-a285-3208198ce6fd}&#10;1437484252411	addons.xpi	DEBUG	getInstallState changed: false, state: {&quot;app-profile&quot;:{&quot;fxdriver@googlecode.com&quot;:{&quot;d&quot;:&quot;/tmp/anonymous768765754161956253webdriver-profile/extensions/fxdriver@googlecode.com&quot;,&quot;e&quot;:true,&quot;v&quot;:&quot;2.43.0&quot;,&quot;st&quot;:1437484217000,&quot;mt&quot;:1437484217000}},&quot;app-global&quot;:{&quot;langpack-en-ZA@firefox.mozilla.org&quot;:{&quot;d&quot;:&quot;/usr/lib/firefox/browser/extensions/langpack-en-ZA@firefox.mozilla.org.xpi&quot;,&quot;e&quot;:false,&quot;v&quot;:&quot;35.0&quot;,&quot;st&quot;:1421097244000},&quot;{972ce4c6-7e08-4474-a285-3208198ce6fd}&quot;:{&quot;d&quot;:&quot;/usr/lib/firefox/browser/extensions/{972ce4c6-7e08-4474-a285-3208198ce6fd}&quot;,&quot;e&quot;:true,&quot;v&quot;:&quot;38.0&quot;,&quot;st&quot;:1432726039000,&quot;mt&quot;:1431341938000},&quot;langpack-en-GB@firefox.mozilla.org&quot;:{&quot;d&quot;:&quot;/usr/lib/firefox/browser/extensions/langpack-en-GB@firefox.mozilla.org.xpi&quot;,&quot;e&quot;:false,&quot;v&quot;:&quot;35.0&quot;,&quot;st&quot;:1421097244000}},&quot;app-system-share&quot;:{&quot;webapps-team@lists.launchpad.net&quot;:{&quot;d&quot;:&quot;/usr/share/mozilla/extensions/{ec8030f7-c20a-464f-9b0e-13a3a9e97384}/webapps-team@lists.launchpad.net&quot;,&quot;e&quot;:false,&quot;v&quot;:&quot;3.0.2&quot;,&quot;st&quot;:1421999490000,&quot;mt&quot;:1397665356000},&quot;{2e1445b0-2682-11e1-bfc2-0800200c9a66}&quot;:{&quot;d&quot;:&quot;/usr/share/mozilla/extensions/{ec8030f7-c20a-464f-9b0e-13a3a9e97384}/{2e1445b0-2682-11e1-bfc2-0800200c9a66}&quot;,&quot;e&quot;:false,&quot;v&quot;:&quot;2014.08.06.beta&quot;,&quot;st&quot;:1421999490000,&quot;mt&quot;:1407283796000},&quot;ubufox@ubuntu.com&quot;:{&quot;d&quot;:&quot;/usr/share/mozilla/extensions/{ec8030f7-c20a-464f-9b0e-13a3a9e97384}/ubufox@ubuntu.com&quot;,&quot;e&quot;:false,&quot;v&quot;:&quot;3.0&quot;,&quot;st&quot;:1421999490000,&quot;mt&quot;:1420839872000}},&quot;app-system-local&quot;:{&quot;online-accounts@lists.launchpad.net&quot;:{&quot;d&quot;:&quot;/usr/lib/mozilla/extensions/{ec8030f7-c20a-464f-9b0e-13a3a9e97384}/online-accounts@lists.launchpad.net&quot;,&quot;e&quot;:false,&quot;v&quot;:&quot;0.5&quot;,&quot;st&quot;:1421999491000,&quot;mt&quot;:1390969638000}}}&#10;1437484252436	addons.xpi	DEBUG	No changes found&#10;1437484252447	addons.manager	DEBUG	Registering shutdown blocker for XPIProvider&#10;1437484252456	addons.manager	DEBUG	Provider finished startup: XPIProvider&#10;1437484252457	addons.manager	DEBUG	Starting provider: LightweightThemeManager&#10;1437484252458	addons.manager	DEBUG	Registering shutdown blocker for LightweightThemeManager&#10;1437484252460	addons.manager	DEBUG	Provider finished startup: LightweightThemeManager&#10;1437484252465	addons.manager	DEBUG	Starting provider: GMPProvider&#10;1437484252487	addons.manager	DEBUG	Registering shutdown blocker for GMPProvider&#10;1437484252487	addons.manager	DEBUG	Provider finished startup: GMPProvider&#10;1437484252487	addons.manager	DEBUG	Starting provider: PluginProvider&#10;1437484252488	addons.manager	DEBUG	Registering shutdown blocker for PluginProvider&#10;1437484252488	addons.manager	DEBUG	Provider finished startup: PluginProvider&#10;1437484252488	addons.manager	DEBUG	Completed startup sequence&#10;JavaScript error: file:///tmp/anonymous768765754161956253webdriver-profile/extensions/fxdriver@googlecode.com/components/driver-component.js, line 11464: TypeError: this.server_ is undefined&#10;JavaScript error: chrome://fxdriver/content/server.js, line 38: NS_ERROR_XPC_CI_RETURNED_FAILURE: Component returned failure code: 0x80570015 (NS_ERROR_XPC_CI_RETURNED_FAILURE) [nsIJSCID.createInstance]&#10;*** Blocklist::_preloadBlocklistFile: blocklist is disabled&#10;1437484270850	addons.manager	DEBUG	Starting provider: &lt;unnamed-provider&gt;&#10;1437484270850	addons.manager	DEBUG	Registering shutdown blocker for &lt;unnamed-provider&gt;&#10;1437484270851	addons.manager	DEBUG	Provider finished startup: &lt;unnamed-provider&gt;&#10;&#10;Build info: version: &apos;2.43.0&apos;, revision: &apos;accb3003b9fb8f7cae30f9669b4c594a065396a6&apos;, time: &apos;2014-09-09 22:22:51&apos;&#10;System info: host: &apos;sayed-MS-7309&apos;, ip: &apos;127.0.1.1&apos;, os.name: &apos;Linux&apos;, os.arch: &apos;i386&apos;, os.version: &apos;3.13.0-44-generic&apos;, java.version: &apos;1.7.0_75&apos;&#10;Driver info: driver.version: FirefoxDriver" type="org.openqa.selenium.WebDriverException"><![CDATA[org.openqa.selenium.WebDriverException: Failed to connect to binary FirefoxBinary(/usr/bin/firefox) on port 7055; process output follows: 
bfc2-0800200c9a66}":{"d":"/usr/share/mozilla/extensions/{ec8030f7-c20a-464f-9b0e-13a3a9e97384}/{2e1445b0-2682-11e1-bfc2-0800200c9a66}","e":false,"v":"2014.08.06.beta","st":1421999490000,"mt":1407283796000},"ubufox@ubuntu.com":{"d":"/usr/share/mozilla/extensions/{ec8030f7-c20a-464f-9b0e-13a3a9e97384}/ubufox@ubuntu.com","e":false,"v":"3.0","st":1421999490000,"mt":1420839872000}},"app-system-local":{"online-accounts@lists.launchpad.net":{"d":"/usr/lib/mozilla/extensions/{ec8030f7-c20a-464f-9b0e-13a3a9e97384}/online-accounts@lists.launchpad.net","e":false,"v":"0.5","st":1421999491000,"mt":1390969638000}}}
1437484252380	addons.xpi	DEBUG	getModTime: Recursive scan of fxdriver@googlecode.com
1437484252406	addons.xpi	DEBUG	getModTime: Recursive scan of {972ce4c6-7e08-4474-a285-3208198ce6fd}
1437484252411	addons.xpi	DEBUG	getInstallState changed: false, state: {"app-profile":{"fxdriver@googlecode.com":{"d":"/tmp/anonymous768765754161956253webdriver-profile/extensions/fxdriver@googlecode.com","e":true,"v":"2.43.0","st":1437484217000,"mt":1437484217000}},"app-global":{"langpack-en-ZA@firefox.mozilla.org":{"d":"/usr/lib/firefox/browser/extensions/langpack-en-ZA@firefox.mozilla.org.xpi","e":false,"v":"35.0","st":1421097244000},"{972ce4c6-7e08-4474-a285-3208198ce6fd}":{"d":"/usr/lib/firefox/browser/extensions/{972ce4c6-7e08-4474-a285-3208198ce6fd}","e":true,"v":"38.0","st":1432726039000,"mt":1431341938000},"langpack-en-GB@firefox.mozilla.org":{"d":"/usr/lib/firefox/browser/extensions/langpack-en-GB@firefox.mozilla.org.xpi","e":false,"v":"35.0","st":1421097244000}},"app-system-share":{"webapps-team@lists.launchpad.net":{"d":"/usr/share/mozilla/extensions/{ec8030f7-c20a-464f-9b0e-13a3a9e97384}/webapps-team@lists.launchpad.net","e":false,"v":"3.0.2","st":1421999490000,"mt":1397665356000},"{2e1445b0-2682-11e1-bfc2-0800200c9a66}":{"d":"/usr/share/mozilla/extensions/{ec8030f7-c20a-464f-9b0e-13a3a9e97384}/{2e1445b0-2682-11e1-bfc2-0800200c9a66}","e":false,"v":"2014.08.06.beta","st":1421999490000,"mt":1407283796000},"ubufox@ubuntu.com":{"d":"/usr/share/mozilla/extensions/{ec8030f7-c20a-464f-9b0e-13a3a9e97384}/ubufox@ubuntu.com","e":false,"v":"3.0","st":1421999490000,"mt":1420839872000}},"app-system-local":{"online-accounts@lists.launchpad.net":{"d":"/usr/lib/mozilla/extensions/{ec8030f7-c20a-464f-9b0e-13a3a9e97384}/online-accounts@lists.launchpad.net","e":false,"v":"0.5","st":1421999491000,"mt":1390969638000}}}
1437484252436	addons.xpi	DEBUG	No changes found
1437484252447	addons.manager	DEBUG	Registering shutdown blocker for XPIProvider
1437484252456	addons.manager	DEBUG	Provider finished startup: XPIProvider
1437484252457	addons.manager	DEBUG	Starting provider: LightweightThemeManager
1437484252458	addons.manager	DEBUG	Registering shutdown blocker for LightweightThemeManager
1437484252460	addons.manager	DEBUG	Provider finished startup: LightweightThemeManager
1437484252465	addons.manager	DEBUG	Starting provider: GMPProvider
1437484252487	addons.manager	DEBUG	Registering shutdown blocker for GMPProvider
1437484252487	addons.manager	DEBUG	Provider finished startup: GMPProvider
1437484252487	addons.manager	DEBUG	Starting provider: PluginProvider
1437484252488	addons.manager	DEBUG	Registering shutdown blocker for PluginProvider
1437484252488	addons.manager	DEBUG	Provider finished startup: PluginProvider
1437484252488	addons.manager	DEBUG	Completed startup sequence
JavaScript error: file:///tmp/anonymous768765754161956253webdriver-profile/extensions/fxdriver@googlecode.com/components/driver-component.js, line 11464: TypeError: this.server_ is undefined
JavaScript error: chrome://fxdriver/content/server.js, line 38: NS_ERROR_XPC_CI_RETURNED_FAILURE: Component returned failure code: 0x80570015 (NS_ERROR_XPC_CI_RETURNED_FAILURE) [nsIJSCID.createInstance]
*** Blocklist::_preloadBlocklistFile: blocklist is disabled
1437484270850	addons.manager	DEBUG	Starting provider: <unnamed-provider>
1437484270850	addons.manager	DEBUG	Registering shutdown blocker for <unnamed-provider>
1437484270851	addons.manager	DEBUG	Provider finished startup: <unnamed-provider>

Build info: version: '2.43.0', revision: 'accb3003b9fb8f7cae30f9669b4c594a065396a6', time: '2014-09-09 22:22:51'
System info: host: 'sayed-MS-7309', ip: '127.0.1.1', os.name: 'Linux', os.arch: 'i386', os.version: '3.13.0-44-generic', java.version: '1.7.0_75'
Driver info: driver.version: FirefoxDriver
	at org.openqa.selenium.firefox.internal.NewProfileExtensionConnection.start(NewProfileExtensionConnection.java:118)
	at org.openqa.selenium.firefox.FirefoxDriver.startClient(FirefoxDriver.java:246)
	at org.openqa.selenium.remote.RemoteWebDriver.<init>(RemoteWebDriver.java:114)
	at org.openqa.selenium.firefox.FirefoxDriver.<init>(FirefoxDriver.java:191)
	at org.openqa.selenium.firefox.FirefoxDriver.<init>(FirefoxDriver.java:186)
	at org.openqa.selenium.firefox.FirefoxDriver.<init>(FirefoxDriver.java:182)
	at org.openqa.selenium.firefox.FirefoxDriver.<init>(FirefoxDriver.java:95)
	at Laitkorgp.AppTest.bef(AppTest.java:19)
]]></failure>
    <system-err><![CDATA[org.openqa.selenium.firefox.NotConnectedException: Unable to connect to host 127.0.0.1 on port 7055 after 45000 ms. Firefox console output:
bfc2-0800200c9a66}":{"d":"/usr/share/mozilla/extensions/{ec8030f7-c20a-464f-9b0e-13a3a9e97384}/{2e1445b0-2682-11e1-bfc2-0800200c9a66}","e":false,"v":"2014.08.06.beta","st":1421999490000,"mt":1407283796000},"ubufox@ubuntu.com":{"d":"/usr/share/mozilla/extensions/{ec8030f7-c20a-464f-9b0e-13a3a9e97384}/ubufox@ubuntu.com","e":false,"v":"3.0","st":1421999490000,"mt":1420839872000}},"app-system-local":{"online-accounts@lists.launchpad.net":{"d":"/usr/lib/mozilla/extensions/{ec8030f7-c20a-464f-9b0e-13a3a9e97384}/online-accounts@lists.launchpad.net","e":false,"v":"0.5","st":1421999491000,"mt":1390969638000}}}
1437484252380	addons.xpi	DEBUG	getModTime: Recursive scan of fxdriver@googlecode.com
1437484252406	addons.xpi	DEBUG	getModTime: Recursive scan of {972ce4c6-7e08-4474-a285-3208198ce6fd}
1437484252411	addons.xpi	DEBUG	getInstallState changed: false, state: {"app-profile":{"fxdriver@googlecode.com":{"d":"/tmp/anonymous768765754161956253webdriver-profile/extensions/fxdriver@googlecode.com","e":true,"v":"2.43.0","st":1437484217000,"mt":1437484217000}},"app-global":{"langpack-en-ZA@firefox.mozilla.org":{"d":"/usr/lib/firefox/browser/extensions/langpack-en-ZA@firefox.mozilla.org.xpi","e":false,"v":"35.0","st":1421097244000},"{972ce4c6-7e08-4474-a285-3208198ce6fd}":{"d":"/usr/lib/firefox/browser/extensions/{972ce4c6-7e08-4474-a285-3208198ce6fd}","e":true,"v":"38.0","st":1432726039000,"mt":1431341938000},"langpack-en-GB@firefox.mozilla.org":{"d":"/usr/lib/firefox/browser/extensions/langpack-en-GB@firefox.mozilla.org.xpi","e":false,"v":"35.0","st":1421097244000}},"app-system-share":{"webapps-team@lists.launchpad.net":{"d":"/usr/share/mozilla/extensions/{ec8030f7-c20a-464f-9b0e-13a3a9e97384}/webapps-team@lists.launchpad.net","e":false,"v":"3.0.2","st":1421999490000,"mt":1397665356000},"{2e1445b0-2682-11e1-bfc2-0800200c9a66}":{"d":"/usr/share/mozilla/extensions/{ec8030f7-c20a-464f-9b0e-13a3a9e97384}/{2e1445b0-2682-11e1-bfc2-0800200c9a66}","e":false,"v":"2014.08.06.beta","st":1421999490000,"mt":1407283796000},"ubufox@ubuntu.com":{"d":"/usr/share/mozilla/extensions/{ec8030f7-c20a-464f-9b0e-13a3a9e97384}/ubufox@ubuntu.com","e":false,"v":"3.0","st":1421999490000,"mt":1420839872000}},"app-system-local":{"online-accounts@lists.launchpad.net":{"d":"/usr/lib/mozilla/extensions/{ec8030f7-c20a-464f-9b0e-13a3a9e97384}/online-accounts@lists.launchpad.net","e":false,"v":"0.5","st":1421999491000,"mt":1390969638000}}}
1437484252436	addons.xpi	DEBUG	No changes found
1437484252447	addons.manager	DEBUG	Registering shutdown blocker for XPIProvider
1437484252456	addons.manager	DEBUG	Provider finished startup: XPIProvider
1437484252457	addons.manager	DEBUG	Starting provider: LightweightThemeManager
1437484252458	addons.manager	DEBUG	Registering shutdown blocker for LightweightThemeManager
1437484252460	addons.manager	DEBUG	Provider finished startup: LightweightThemeManager
1437484252465	addons.manager	DEBUG	Starting provider: GMPProvider
1437484252487	addons.manager	DEBUG	Registering shutdown blocker for GMPProvider
1437484252487	addons.manager	DEBUG	Provider finished startup: GMPProvider
1437484252487	addons.manager	DEBUG	Starting provider: PluginProvider
1437484252488	addons.manager	DEBUG	Registering shutdown blocker for PluginProvider
1437484252488	addons.manager	DEBUG	Provider finished startup: PluginProvider
1437484252488	addons.manager	DEBUG	Completed startup sequence
JavaScript error: file:///tmp/anonymous768765754161956253webdriver-profile/extensions/fxdriver@googlecode.com/components/driver-component.js, line 11464: TypeError: this.server_ is undefined
JavaScript error: chrome://fxdriver/content/server.js, line 38: NS_ERROR_XPC_CI_RETURNED_FAILURE: Component returned failure code: 0x80570015 (NS_ERROR_XPC_CI_RETURNED_FAILURE) [nsIJSCID.createInstance]
*** Blocklist::_preloadBlocklistFile: blocklist is disabled
1437484270850	addons.manager	DEBUG	Starting provider: <unnamed-provider>
1437484270850	addons.manager	DEBUG	Registering shutdown blocker for <unnamed-provider>
1437484270851	addons.manager	DEBUG	Provider finished startup: <unnamed-provider>

	at org.openqa.selenium.firefox.internal.NewProfileExtensionConnection.start(NewProfileExtensionConnection.java:118)
	at org.openqa.selenium.firefox.FirefoxDriver.startClient(FirefoxDriver.java:246)
	at org.openqa.selenium.remote.RemoteWebDriver.<init>(RemoteWebDriver.java:114)
	at org.openqa.selenium.firefox.FirefoxDriver.<init>(FirefoxDriver.java:191)
	at org.openqa.selenium.firefox.FirefoxDriver.<init>(FirefoxDriver.java:186)
	at org.openqa.selenium.firefox.FirefoxDriver.<init>(FirefoxDriver.java:182)
	at org.openqa.selenium.firefox.FirefoxDriver.<init>(FirefoxDriver.java:95)
	at Laitkorgp.AppTest.bef(AppTest.java:19)
	at sun.reflect.NativeMethodAccessorImpl.invoke0(Native Method)
	at sun.reflect.NativeMethodAccessorImpl.invoke(NativeMethodAccessorImpl.java:57)
	at sun.reflect.DelegatingMethodAccessorImpl.invoke(DelegatingMethodAccessorImpl.java:43)
	at java.lang.reflect.Method.invoke(Method.java:606)
	at org.testng.internal.MethodInvocationHelper.invokeMethod(MethodInvocationHelper.java:80)
	at org.testng.internal.Invoker.invokeConfigurationMethod(Invoker.java:525)
	at org.testng.internal.Invoker.invokeConfigurations(Invoker.java:202)
	at org.testng.internal.Invoker.invokeConfigurations(Invoker.java:130)
	at org.testng.TestRunner.beforeRun(TestRunner.java:632)
	at org.testng.TestRunner.run(TestRunner.java:600)
	at org.testng.SuiteRunner.runTest(SuiteRunner.java:334)
	at org.testng.SuiteRunner.access$000(SuiteRunner.java:36)
	at org.testng.SuiteRunner$SuiteWorker.run(SuiteRunner.java:368)
	at org.testng.internal.thread.ThreadUtil$CountDownLatchedRunnable.run(ThreadUtil.java:165)
	at java.util.concurrent.ThreadPoolExecutor.runWorker(ThreadPoolExecutor.java:1145)
	at java.util.concurrent.ThreadPoolExecutor$Worker.run(ThreadPoolExecutor.java:615)
	at java.lang.Thread.run(Thread.java:745)
]]></system-err>
  </testcase>
  <testcase name="paralleltetsone" classname="Laitkorgp.AppTest" time="0">
    <skipped/>
  </testcase>
  <testcase name="paralleltesttwo" classname="Laitkorgp.AppTest" time="0">
    <skipped/>
  </testcase>
  <testcase name="closebrow" classname="Laitkorgp.AppTest" time="0">
    <skipped/>
  </testcase>
</testsuite>