<?xml version="1.0" encoding="UTF-8"?>
<!-- Generated by org.testng.reporters.JUnitReportReporter -->
<testsuite hostname="sayed-MS-7309" name="Laitkorgp.AppTest" tests="4" failures="4" timestamp="23 Jul 2015 10:50:42 GMT" time="94.633" errors="0">
  <testcase name="eppregcheck" time="57.961" classname="Laitkorgp.AppTest">
    <failure type="org.openqa.selenium.TimeoutException" message="Timed out after 50 seconds waiting for visibility of element located by By.name: ctl00$ContentPlaceHolder1$txtUserName
Build info: version: &#039;2.43.0&#039;, revision: &#039;accb3003b9fb8f7cae30f9669b4c594a065396a6&#039;, time: &#039;2014-09-09 22:22:51&#039;
System info: host: &#039;sayed-MS-7309&#039;, ip: &#039;127.0.1.1&#039;, os.name: &#039;Linux&#039;, os.arch: &#039;i386&#039;, os.version: &#039;3.13.0-44-generic&#039;, java.version: &#039;1.7.0_75&#039;
Session ID: fa361b5d702eecbedf6497f23da034fe
Driver info: org.openqa.selenium.chrome.ChromeDriver
Capabilities [{platform=LINUX, acceptSslCerts=true, javascriptEnabled=true, browserName=chrome, chrome={userDataDir=/tmp/.com.google.Chrome.8t6hIT}, rotatable=false, locationContextEnabled=true, version=40.0.2214.91, takesHeapSnapshot=true, cssSelectorsEnabled=true, databaseEnabled=false, handlesAlerts=true, browserConnectionEnabled=false, nativeEvents=true, webStorageEnabled=true, applicationCacheEnabled=false, takesScreenshot=true}]">
      <![CDATA[org.openqa.selenium.TimeoutException: Timed out after 50 seconds waiting for visibility of element located by By.name: ctl00$ContentPlaceHolder1$txtUserName
Build info: version: '2.43.0', revision: 'accb3003b9fb8f7cae30f9669b4c594a065396a6', time: '2014-09-09 22:22:51'
System info: host: 'sayed-MS-7309', ip: '127.0.1.1', os.name: 'Linux', os.arch: 'i386', os.version: '3.13.0-44-generic', java.version: '1.7.0_75'
Session ID: fa361b5d702eecbedf6497f23da034fe
Driver info: org.openqa.selenium.chrome.ChromeDriver
Capabilities [{platform=LINUX, acceptSslCerts=true, javascriptEnabled=true, browserName=chrome, chrome={userDataDir=/tmp/.com.google.Chrome.8t6hIT}, rotatable=false, locationContextEnabled=true, version=40.0.2214.91, takesHeapSnapshot=true, cssSelectorsEnabled=true, databaseEnabled=false, handlesAlerts=true, browserConnectionEnabled=false, nativeEvents=true, webStorageEnabled=true, applicationCacheEnabled=false, takesScreenshot=true}]
	at org.openqa.selenium.support.ui.WebDriverWait.timeoutException(WebDriverWait.java:79)
	at org.openqa.selenium.support.ui.FluentWait.until(FluentWait.java:228)
	at Laitkorgp.AppTest.eppregcheck(AppTest.java:47)
	at sun.reflect.NativeMethodAccessorImpl.invoke0(Native Method)
	at sun.reflect.NativeMethodAccessorImpl.invoke(NativeMethodAccessorImpl.java:57)
	at sun.reflect.DelegatingMethodAccessorImpl.invoke(DelegatingMethodAccessorImpl.java:43)
	at java.lang.reflect.Method.invoke(Method.java:606)
	at org.testng.internal.MethodInvocationHelper.invokeMethod(MethodInvocationHelper.java:80)
	at org.testng.internal.Invoker.invokeMethod(Invoker.java:673)
	at org.testng.internal.Invoker.invokeTestMethod(Invoker.java:842)
	at org.testng.internal.Invoker.invokeTestMethods(Invoker.java:1166)
	at org.testng.internal.TestMethodWorker.invokeTestMethods(TestMethodWorker.java:125)
	at org.testng.internal.TestMethodWorker.run(TestMethodWorker.java:109)
	at org.testng.TestRunner.runWorkers(TestRunner.java:1178)
	at org.testng.TestRunner.privateRun(TestRunner.java:757)
	at org.testng.TestRunner.run(TestRunner.java:608)
	at org.testng.SuiteRunner.runTest(SuiteRunner.java:334)
	at org.testng.SuiteRunner.access$000(SuiteRunner.java:36)
	at org.testng.SuiteRunner$SuiteWorker.run(SuiteRunner.java:368)
	at org.testng.internal.thread.ThreadUtil$CountDownLatchedRunnable.run(ThreadUtil.java:165)
	at java.util.concurrent.ThreadPoolExecutor.runWorker(ThreadPoolExecutor.java:1145)
	at java.util.concurrent.ThreadPoolExecutor$Worker.run(ThreadPoolExecutor.java:615)
	at java.lang.Thread.run(Thread.java:745)
Caused by: org.openqa.selenium.NoSuchWindowException: no such window: target window already closed
from unknown error: web view not found
  (Session info: chrome=40.0.2214.91)
  (Driver info: chromedriver=2.9.248316,platform=Linux 3.13.0-44-generic x86) (WARNING: The server did not provide any stacktrace information)
Command duration or timeout: 3 milliseconds
Build info: version: '2.43.0', revision: 'accb3003b9fb8f7cae30f9669b4c594a065396a6', time: '2014-09-09 22:22:51'
System info: host: 'sayed-MS-7309', ip: '127.0.1.1', os.name: 'Linux', os.arch: 'i386', os.version: '3.13.0-44-generic', java.version: '1.7.0_75'
Session ID: fa361b5d702eecbedf6497f23da034fe
Driver info: org.openqa.selenium.chrome.ChromeDriver
Capabilities [{platform=LINUX, acceptSslCerts=true, javascriptEnabled=true, browserName=chrome, chrome={userDataDir=/tmp/.com.google.Chrome.8t6hIT}, rotatable=false, locationContextEnabled=true, version=40.0.2214.91, takesHeapSnapshot=true, cssSelectorsEnabled=true, databaseEnabled=false, handlesAlerts=true, browserConnectionEnabled=false, nativeEvents=true, webStorageEnabled=true, applicationCacheEnabled=false, takesScreenshot=true}]
	at sun.reflect.GeneratedConstructorAccessor15.newInstance(Unknown Source)
	at sun.reflect.DelegatingConstructorAccessorImpl.newInstance(DelegatingConstructorAccessorImpl.java:45)
	at java.lang.reflect.Constructor.newInstance(Constructor.java:526)
	at org.openqa.selenium.remote.ErrorHandler.createThrowable(ErrorHandler.java:204)
	at org.openqa.selenium.remote.ErrorHandler.throwIfResponseFailed(ErrorHandler.java:156)
	at org.openqa.selenium.remote.RemoteWebDriver.execute(RemoteWebDriver.java:599)
	at org.openqa.selenium.remote.RemoteWebDriver.findElement(RemoteWebDriver.java:352)
	at org.openqa.selenium.remote.RemoteWebDriver.findElementByName(RemoteWebDriver.java:425)
	at org.openqa.selenium.By$ByName.findElement(By.java:299)
	at org.openqa.selenium.remote.RemoteWebDriver.findElement(RemoteWebDriver.java:344)
	at org.openqa.selenium.support.ui.ExpectedConditions.findElement(ExpectedConditions.java:730)
	at org.openqa.selenium.support.ui.ExpectedConditions.access$000(ExpectedConditions.java:39)
	at org.openqa.selenium.support.ui.ExpectedConditions$4.apply(ExpectedConditions.java:130)
	at org.openqa.selenium.support.ui.ExpectedConditions$4.apply(ExpectedConditions.java:126)
	at org.openqa.selenium.support.ui.FluentWait.until(FluentWait.java:208)
	... 21 more
]]>
    </failure>
  </testcase>
  <testcase name="eppregcheck" time="36.560" classname="Laitkorgp.AppTest">
    <failure type="java.lang.NullPointerException">
      <![CDATA[java.lang.NullPointerException
	at org.openqa.selenium.remote.RemoteWebElement.isDisplayed(RemoteWebElement.java:323)
	at org.openqa.selenium.support.ui.ExpectedConditions.elementIfVisible(ExpectedConditions.java:227)
	at org.openqa.selenium.support.ui.ExpectedConditions.access$100(ExpectedConditions.java:39)
	at org.openqa.selenium.support.ui.ExpectedConditions$4.apply(ExpectedConditions.java:130)
	at org.openqa.selenium.support.ui.ExpectedConditions$4.apply(ExpectedConditions.java:126)
	at org.openqa.selenium.support.ui.FluentWait.until(FluentWait.java:208)
	at Laitkorgp.AppTest.eppregcheck(AppTest.java:47)
	at sun.reflect.NativeMethodAccessorImpl.invoke0(Native Method)
	at sun.reflect.NativeMethodAccessorImpl.invoke(NativeMethodAccessorImpl.java:57)
	at sun.reflect.DelegatingMethodAccessorImpl.invoke(DelegatingMethodAccessorImpl.java:43)
	at java.lang.reflect.Method.invoke(Method.java:606)
	at org.testng.internal.MethodInvocationHelper.invokeMethod(MethodInvocationHelper.java:80)
	at org.testng.internal.Invoker.invokeMethod(Invoker.java:673)
	at org.testng.internal.Invoker.invokeTestMethod(Invoker.java:842)
	at org.testng.internal.Invoker.invokeTestMethods(Invoker.java:1166)
	at org.testng.internal.TestMethodWorker.invokeTestMethods(TestMethodWorker.java:125)
	at org.testng.internal.TestMethodWorker.run(TestMethodWorker.java:109)
	at org.testng.TestRunner.runWorkers(TestRunner.java:1178)
	at org.testng.TestRunner.privateRun(TestRunner.java:757)
	at org.testng.TestRunner.run(TestRunner.java:608)
	at org.testng.SuiteRunner.runTest(SuiteRunner.java:334)
	at org.testng.SuiteRunner.access$000(SuiteRunner.java:36)
	at org.testng.SuiteRunner$SuiteWorker.run(SuiteRunner.java:368)
	at org.testng.internal.thread.ThreadUtil$CountDownLatchedRunnable.run(ThreadUtil.java:165)
	at java.util.concurrent.ThreadPoolExecutor.runWorker(ThreadPoolExecutor.java:1145)
	at java.util.concurrent.ThreadPoolExecutor$Worker.run(ThreadPoolExecutor.java:615)
	at java.lang.Thread.run(Thread.java:745)
]]>
    </failure>
  </testcase>
  <testcase name="eppregcheck" time="0.112" classname="Laitkorgp.AppTest">
    <failure type="org.openqa.selenium.WebDriverException" message="Failed to connect to binary FirefoxBinary(/usr/bin/firefox) on port 7055; process output follows: 
a.org.xpi&quot;,&quot;e&quot;:false,&quot;v&quot;:&quot;35.0&quot;,&quot;st&quot;:1421097244000}},&quot;app-system-share&quot;:{&quot;webapps-team@lists.launchpad.net&quot;:{&quot;d&quot;:&quot;/usr/share/mozilla/extensions/{ec8030f7-c20a-464f-9b0e-13a3a9e97384}/webapps-team@lists.launchpad.net&quot;,&quot;e&quot;:false,&quot;v&quot;:&quot;3.0.2&quot;,&quot;st&quot;:1421999490000,&quot;mt&quot;:1397665356000},&quot;{2e1445b0-2682-11e1-bfc2-0800200c9a66}&quot;:{&quot;d&quot;:&quot;/usr/share/mozilla/extensions/{ec8030f7-c20a-464f-9b0e-13a3a9e97384}/{2e1445b0-2682-11e1-bfc2-0800200c9a66}&quot;,&quot;e&quot;:false,&quot;v&quot;:&quot;2014.08.06.beta&quot;,&quot;st&quot;:1421999490000,&quot;mt&quot;:1407283796000},&quot;ubufox@ubuntu.com&quot;:{&quot;d&quot;:&quot;/usr/share/mozilla/extensions/{ec8030f7-c20a-464f-9b0e-13a3a9e97384}/ubufox@ubuntu.com&quot;,&quot;e&quot;:false,&quot;v&quot;:&quot;3.0&quot;,&quot;st&quot;:1421999490000,&quot;mt&quot;:1420839872000}},&quot;app-system-local&quot;:{&quot;online-accounts@lists.launchpad.net&quot;:{&quot;d&quot;:&quot;/usr/lib/mozilla/extensions/{ec8030f7-c20a-464f-9b0e-13a3a9e97384}/online-accounts@lists.launchpad.net&quot;,&quot;e&quot;:false,&quot;v&quot;:&quot;0.5&quot;,&quot;st&quot;:1421999491000,&quot;mt&quot;:1390969638000}}}
1437648539348	addons.xpi	DEBUG	getModTime: Recursive scan of fxdriver@googlecode.com
1437648539384	addons.xpi	DEBUG	getModTime: Recursive scan of {972ce4c6-7e08-4474-a285-3208198ce6fd}
1437648539428	addons.xpi	DEBUG	getInstallState changed: false, state: {&quot;app-profile&quot;:{&quot;fxdriver@googlecode.com&quot;:{&quot;d&quot;:&quot;/tmp/anonymous5771086402359689910webdriver-profile/extensions/fxdriver@googlecode.com&quot;,&quot;e&quot;:true,&quot;v&quot;:&quot;2.43.0&quot;,&quot;st&quot;:1437648472000,&quot;mt&quot;:1437648472000}},&quot;app-global&quot;:{&quot;langpack-en-ZA@firefox.mozilla.org&quot;:{&quot;d&quot;:&quot;/usr/lib/firefox/browser/extensions/langpack-en-ZA@firefox.mozilla.org.xpi&quot;,&quot;e&quot;:false,&quot;v&quot;:&quot;35.0&quot;,&quot;st&quot;:1421097244000},&quot;{972ce4c6-7e08-4474-a285-3208198ce6fd}&quot;:{&quot;d&quot;:&quot;/usr/lib/firefox/browser/extensions/{972ce4c6-7e08-4474-a285-3208198ce6fd}&quot;,&quot;e&quot;:true,&quot;v&quot;:&quot;38.0&quot;,&quot;st&quot;:1432726039000,&quot;mt&quot;:1431341938000},&quot;langpack-en-GB@firefox.mozilla.org&quot;:{&quot;d&quot;:&quot;/usr/lib/firefox/browser/extensions/langpack-en-GB@firefox.mozilla.org.xpi&quot;,&quot;e&quot;:false,&quot;v&quot;:&quot;35.0&quot;,&quot;st&quot;:1421097244000}},&quot;app-system-share&quot;:{&quot;webapps-team@lists.launchpad.net&quot;:{&quot;d&quot;:&quot;/usr/share/mozilla/extensions/{ec8030f7-c20a-464f-9b0e-13a3a9e97384}/webapps-team@lists.launchpad.net&quot;,&quot;e&quot;:false,&quot;v&quot;:&quot;3.0.2&quot;,&quot;st&quot;:1421999490000,&quot;mt&quot;:1397665356000},&quot;{2e1445b0-2682-11e1-bfc2-0800200c9a66}&quot;:{&quot;d&quot;:&quot;/usr/share/mozilla/extensions/{ec8030f7-c20a-464f-9b0e-13a3a9e97384}/{2e1445b0-2682-11e1-bfc2-0800200c9a66}&quot;,&quot;e&quot;:false,&quot;v&quot;:&quot;2014.08.06.beta&quot;,&quot;st&quot;:1421999490000,&quot;mt&quot;:1407283796000},&quot;ubufox@ubuntu.com&quot;:{&quot;d&quot;:&quot;/usr/share/mozilla/extensions/{ec8030f7-c20a-464f-9b0e-13a3a9e97384}/ubufox@ubuntu.com&quot;,&quot;e&quot;:false,&quot;v&quot;:&quot;3.0&quot;,&quot;st&quot;:1421999490000,&quot;mt&quot;:1420839872000}},&quot;app-system-local&quot;:{&quot;online-accounts@lists.launchpad.net&quot;:{&quot;d&quot;:&quot;/usr/lib/mozilla/extensions/{ec8030f7-c20a-464f-9b0e-13a3a9e97384}/online-accounts@lists.launchpad.net&quot;,&quot;e&quot;:false,&quot;v&quot;:&quot;0.5&quot;,&quot;st&quot;:1421999491000,&quot;mt&quot;:1390969638000}}}
1437648539449	addons.xpi	DEBUG	No changes found
1437648539459	addons.manager	DEBUG	Registering shutdown blocker for XPIProvider
1437648539460	addons.manager	DEBUG	Provider finished startup: XPIProvider
1437648539461	addons.manager	DEBUG	Starting provider: LightweightThemeManager
1437648539461	addons.manager	DEBUG	Registering shutdown blocker for LightweightThemeManager
1437648539461	addons.manager	DEBUG	Provider finished startup: LightweightThemeManager
1437648539462	addons.manager	DEBUG	Starting provider: GMPProvider
1437648539472	addons.manager	DEBUG	Registering shutdown blocker for GMPProvider
1437648539473	addons.manager	DEBUG	Provider finished startup: GMPProvider
1437648539473	addons.manager	DEBUG	Starting provider: PluginProvider
1437648539473	addons.manager	DEBUG	Registering shutdown blocker for PluginProvider
1437648539474	addons.manager	DEBUG	Provider finished startup: PluginProvider
1437648539475	addons.manager	DEBUG	Completed startup sequence
JavaScript error: file:///tmp/anonymous5771086402359689910webdriver-profile/extensions/fxdriver@googlecode.com/components/driver-component.js, line 11464: TypeError: this.server_ is undefined
JavaScript error: chrome://fxdriver/content/server.js, line 38: NS_ERROR_XPC_CI_RETURNED_FAILURE: Component returned failure code: 0x80570015 (NS_ERROR_XPC_CI_RETURNED_FAILURE) [nsIJSCID.createInstance]

Build info: version: &#039;2.43.0&#039;, revision: &#039;accb3003b9fb8f7cae30f9669b4c594a065396a6&#039;, time: &#039;2014-09-09 22:22:51&#039;
System info: host: &#039;sayed-MS-7309&#039;, ip: &#039;127.0.1.1&#039;, os.name: &#039;Linux&#039;, os.arch: &#039;i386&#039;, os.version: &#039;3.13.0-44-generic&#039;, java.version: &#039;1.7.0_75&#039;
Driver info: driver.version: FirefoxDriver">
      <![CDATA[org.openqa.selenium.WebDriverException: Failed to connect to binary FirefoxBinary(/usr/bin/firefox) on port 7055; process output follows: 
a.org.xpi","e":false,"v":"35.0","st":1421097244000}},"app-system-share":{"webapps-team@lists.launchpad.net":{"d":"/usr/share/mozilla/extensions/{ec8030f7-c20a-464f-9b0e-13a3a9e97384}/webapps-team@lists.launchpad.net","e":false,"v":"3.0.2","st":1421999490000,"mt":1397665356000},"{2e1445b0-2682-11e1-bfc2-0800200c9a66}":{"d":"/usr/share/mozilla/extensions/{ec8030f7-c20a-464f-9b0e-13a3a9e97384}/{2e1445b0-2682-11e1-bfc2-0800200c9a66}","e":false,"v":"2014.08.06.beta","st":1421999490000,"mt":1407283796000},"ubufox@ubuntu.com":{"d":"/usr/share/mozilla/extensions/{ec8030f7-c20a-464f-9b0e-13a3a9e97384}/ubufox@ubuntu.com","e":false,"v":"3.0","st":1421999490000,"mt":1420839872000}},"app-system-local":{"online-accounts@lists.launchpad.net":{"d":"/usr/lib/mozilla/extensions/{ec8030f7-c20a-464f-9b0e-13a3a9e97384}/online-accounts@lists.launchpad.net","e":false,"v":"0.5","st":1421999491000,"mt":1390969638000}}}
1437648539348	addons.xpi	DEBUG	getModTime: Recursive scan of fxdriver@googlecode.com
1437648539384	addons.xpi	DEBUG	getModTime: Recursive scan of {972ce4c6-7e08-4474-a285-3208198ce6fd}
1437648539428	addons.xpi	DEBUG	getInstallState changed: false, state: {"app-profile":{"fxdriver@googlecode.com":{"d":"/tmp/anonymous5771086402359689910webdriver-profile/extensions/fxdriver@googlecode.com","e":true,"v":"2.43.0","st":1437648472000,"mt":1437648472000}},"app-global":{"langpack-en-ZA@firefox.mozilla.org":{"d":"/usr/lib/firefox/browser/extensions/langpack-en-ZA@firefox.mozilla.org.xpi","e":false,"v":"35.0","st":1421097244000},"{972ce4c6-7e08-4474-a285-3208198ce6fd}":{"d":"/usr/lib/firefox/browser/extensions/{972ce4c6-7e08-4474-a285-3208198ce6fd}","e":true,"v":"38.0","st":1432726039000,"mt":1431341938000},"langpack-en-GB@firefox.mozilla.org":{"d":"/usr/lib/firefox/browser/extensions/langpack-en-GB@firefox.mozilla.org.xpi","e":false,"v":"35.0","st":1421097244000}},"app-system-share":{"webapps-team@lists.launchpad.net":{"d":"/usr/share/mozilla/extensions/{ec8030f7-c20a-464f-9b0e-13a3a9e97384}/webapps-team@lists.launchpad.net","e":false,"v":"3.0.2","st":1421999490000,"mt":1397665356000},"{2e1445b0-2682-11e1-bfc2-0800200c9a66}":{"d":"/usr/share/mozilla/extensions/{ec8030f7-c20a-464f-9b0e-13a3a9e97384}/{2e1445b0-2682-11e1-bfc2-0800200c9a66}","e":false,"v":"2014.08.06.beta","st":1421999490000,"mt":1407283796000},"ubufox@ubuntu.com":{"d":"/usr/share/mozilla/extensions/{ec8030f7-c20a-464f-9b0e-13a3a9e97384}/ubufox@ubuntu.com","e":false,"v":"3.0","st":1421999490000,"mt":1420839872000}},"app-system-local":{"online-accounts@lists.launchpad.net":{"d":"/usr/lib/mozilla/extensions/{ec8030f7-c20a-464f-9b0e-13a3a9e97384}/online-accounts@lists.launchpad.net","e":false,"v":"0.5","st":1421999491000,"mt":1390969638000}}}
1437648539449	addons.xpi	DEBUG	No changes found
1437648539459	addons.manager	DEBUG	Registering shutdown blocker for XPIProvider
1437648539460	addons.manager	DEBUG	Provider finished startup: XPIProvider
1437648539461	addons.manager	DEBUG	Starting provider: LightweightThemeManager
1437648539461	addons.manager	DEBUG	Registering shutdown blocker for LightweightThemeManager
1437648539461	addons.manager	DEBUG	Provider finished startup: LightweightThemeManager
1437648539462	addons.manager	DEBUG	Starting provider: GMPProvider
1437648539472	addons.manager	DEBUG	Registering shutdown blocker for GMPProvider
1437648539473	addons.manager	DEBUG	Provider finished startup: GMPProvider
1437648539473	addons.manager	DEBUG	Starting provider: PluginProvider
1437648539473	addons.manager	DEBUG	Registering shutdown blocker for PluginProvider
1437648539474	addons.manager	DEBUG	Provider finished startup: PluginProvider
1437648539475	addons.manager	DEBUG	Completed startup sequence
JavaScript error: file:///tmp/anonymous5771086402359689910webdriver-profile/extensions/fxdriver@googlecode.com/components/driver-component.js, line 11464: TypeError: this.server_ is undefined
JavaScript error: chrome://fxdriver/content/server.js, line 38: NS_ERROR_XPC_CI_RETURNED_FAILURE: Component returned failure code: 0x80570015 (NS_ERROR_XPC_CI_RETURNED_FAILURE) [nsIJSCID.createInstance]

Build info: version: '2.43.0', revision: 'accb3003b9fb8f7cae30f9669b4c594a065396a6', time: '2014-09-09 22:22:51'
System info: host: 'sayed-MS-7309', ip: '127.0.1.1', os.name: 'Linux', os.arch: 'i386', os.version: '3.13.0-44-generic', java.version: '1.7.0_75'
Driver info: driver.version: FirefoxDriver
	at org.openqa.selenium.firefox.internal.NewProfileExtensionConnection.start(NewProfileExtensionConnection.java:130)
	at org.openqa.selenium.firefox.FirefoxDriver.startClient(FirefoxDriver.java:246)
	at org.openqa.selenium.remote.RemoteWebDriver.<init>(RemoteWebDriver.java:114)
	at org.openqa.selenium.firefox.FirefoxDriver.<init>(FirefoxDriver.java:191)
	at org.openqa.selenium.firefox.FirefoxDriver.<init>(FirefoxDriver.java:186)
	at org.openqa.selenium.firefox.FirefoxDriver.<init>(FirefoxDriver.java:182)
	at org.openqa.selenium.firefox.FirefoxDriver.<init>(FirefoxDriver.java:95)
	at Laitkorgp.AppTest.bef(AppTest.java:32)
	at sun.reflect.NativeMethodAccessorImpl.invoke0(Native Method)
	at sun.reflect.NativeMethodAccessorImpl.invoke(NativeMethodAccessorImpl.java:57)
	at sun.reflect.DelegatingMethodAccessorImpl.invoke(DelegatingMethodAccessorImpl.java:43)
	at java.lang.reflect.Method.invoke(Method.java:606)
	at org.testng.internal.MethodInvocationHelper.invokeMethod(MethodInvocationHelper.java:80)
	at org.testng.internal.Invoker.invokeConfigurationMethod(Invoker.java:525)
	at org.testng.internal.Invoker.invokeConfigurations(Invoker.java:202)
	at org.testng.internal.Invoker.invokeMethod(Invoker.java:613)
	at org.testng.internal.Invoker.invokeTestMethod(Invoker.java:842)
	at org.testng.internal.Invoker.invokeTestMethods(Invoker.java:1166)
	at org.testng.internal.TestMethodWorker.invokeTestMethods(TestMethodWorker.java:125)
	at org.testng.internal.TestMethodWorker.run(TestMethodWorker.java:109)
	at org.testng.TestRunner.runWorkers(TestRunner.java:1178)
	at org.testng.TestRunner.privateRun(TestRunner.java:757)
	at org.testng.TestRunner.run(TestRunner.java:608)
	at org.testng.SuiteRunner.runTest(SuiteRunner.java:334)
	at org.testng.SuiteRunner.access$000(SuiteRunner.java:36)
	at org.testng.SuiteRunner$SuiteWorker.run(SuiteRunner.java:368)
	at org.testng.internal.thread.ThreadUtil$CountDownLatchedRunnable.run(ThreadUtil.java:165)
	at java.util.concurrent.ThreadPoolExecutor.runWorker(ThreadPoolExecutor.java:1145)
	at java.util.concurrent.ThreadPoolExecutor$Worker.run(ThreadPoolExecutor.java:615)
	at java.lang.Thread.run(Thread.java:745)
Caused by: org.openqa.selenium.firefox.NotConnectedException: Unable to connect to host 127.0.0.1 on port 7055 after 45000 ms. Firefox console output:
a.org.xpi","e":false,"v":"35.0","st":1421097244000}},"app-system-share":{"webapps-team@lists.launchpad.net":{"d":"/usr/share/mozilla/extensions/{ec8030f7-c20a-464f-9b0e-13a3a9e97384}/webapps-team@lists.launchpad.net","e":false,"v":"3.0.2","st":1421999490000,"mt":1397665356000},"{2e1445b0-2682-11e1-bfc2-0800200c9a66}":{"d":"/usr/share/mozilla/extensions/{ec8030f7-c20a-464f-9b0e-13a3a9e97384}/{2e1445b0-2682-11e1-bfc2-0800200c9a66}","e":false,"v":"2014.08.06.beta","st":1421999490000,"mt":1407283796000},"ubufox@ubuntu.com":{"d":"/usr/share/mozilla/extensions/{ec8030f7-c20a-464f-9b0e-13a3a9e97384}/ubufox@ubuntu.com","e":false,"v":"3.0","st":1421999490000,"mt":1420839872000}},"app-system-local":{"online-accounts@lists.launchpad.net":{"d":"/usr/lib/mozilla/extensions/{ec8030f7-c20a-464f-9b0e-13a3a9e97384}/online-accounts@lists.launchpad.net","e":false,"v":"0.5","st":1421999491000,"mt":1390969638000}}}
1437648539348	addons.xpi	DEBUG	getModTime: Recursive scan of fxdriver@googlecode.com
1437648539384	addons.xpi	DEBUG	getModTime: Recursive scan of {972ce4c6-7e08-4474-a285-3208198ce6fd}
1437648539428	addons.xpi	DEBUG	getInstallState changed: false, state: {"app-profile":{"fxdriver@googlecode.com":{"d":"/tmp/anonymous5771086402359689910webdriver-profile/extensions/fxdriver@googlecode.com","e":true,"v":"2.43.0","st":1437648472000,"mt":1437648472000}},"app-global":{"langpack-en-ZA@firefox.mozilla.org":{"d":"/usr/lib/firefox/browser/extensions/langpack-en-ZA@firefox.mozilla.org.xpi","e":false,"v":"35.0","st":1421097244000},"{972ce4c6-7e08-4474-a285-3208198ce6fd}":{"d":"/usr/lib/firefox/browser/extensions/{972ce4c6-7e08-4474-a285-3208198ce6fd}","e":true,"v":"38.0","st":1432726039000,"mt":1431341938000},"langpack-en-GB@firefox.mozilla.org":{"d":"/usr/lib/firefox/browser/extensions/langpack-en-GB@firefox.mozilla.org.xpi","e":false,"v":"35.0","st":1421097244000}},"app-system-share":{"webapps-team@lists.launchpad.net":{"d":"/usr/share/mozilla/extensions/{ec8030f7-c20a-464f-9b0e-13a3a9e97384}/webapps-team@lists.launchpad.net","e":false,"v":"3.0.2","st":1421999490000,"mt":1397665356000},"{2e1445b0-2682-11e1-bfc2-0800200c9a66}":{"d":"/usr/share/mozilla/extensions/{ec8030f7-c20a-464f-9b0e-13a3a9e97384}/{2e1445b0-2682-11e1-bfc2-0800200c9a66}","e":false,"v":"2014.08.06.beta","st":1421999490000,"mt":1407283796000},"ubufox@ubuntu.com":{"d":"/usr/share/mozilla/extensions/{ec8030f7-c20a-464f-9b0e-13a3a9e97384}/ubufox@ubuntu.com","e":false,"v":"3.0","st":1421999490000,"mt":1420839872000}},"app-system-local":{"online-accounts@lists.launchpad.net":{"d":"/usr/lib/mozilla/extensions/{ec8030f7-c20a-464f-9b0e-13a3a9e97384}/online-accounts@lists.launchpad.net","e":false,"v":"0.5","st":1421999491000,"mt":1390969638000}}}
1437648539449	addons.xpi	DEBUG	No changes found
1437648539459	addons.manager	DEBUG	Registering shutdown blocker for XPIProvider
1437648539460	addons.manager	DEBUG	Provider finished startup: XPIProvider
1437648539461	addons.manager	DEBUG	Starting provider: LightweightThemeManager
1437648539461	addons.manager	DEBUG	Registering shutdown blocker for LightweightThemeManager
1437648539461	addons.manager	DEBUG	Provider finished startup: LightweightThemeManager
1437648539462	addons.manager	DEBUG	Starting provider: GMPProvider
1437648539472	addons.manager	DEBUG	Registering shutdown blocker for GMPProvider
1437648539473	addons.manager	DEBUG	Provider finished startup: GMPProvider
1437648539473	addons.manager	DEBUG	Starting provider: PluginProvider
1437648539473	addons.manager	DEBUG	Registering shutdown blocker for PluginProvider
1437648539474	addons.manager	DEBUG	Provider finished startup: PluginProvider
1437648539475	addons.manager	DEBUG	Completed startup sequence
JavaScript error: file:///tmp/anonymous5771086402359689910webdriver-profile/extensions/fxdriver@googlecode.com/components/driver-component.js, line 11464: TypeError: this.server_ is undefined
JavaScript error: chrome://fxdriver/content/server.js, line 38: NS_ERROR_XPC_CI_RETURNED_FAILURE: Component returned failure code: 0x80570015 (NS_ERROR_XPC_CI_RETURNED_FAILURE) [nsIJSCID.createInstance]

	at org.openqa.selenium.firefox.internal.NewProfileExtensionConnection.start(NewProfileExtensionConnection.java:118)
	... 29 more
]]>
    </failure>
  </testcase>
  <testcase name="eppregcheck" time="0.000" classname="Laitkorgp.AppTest">
    <failure type="org.openqa.selenium.WebDriverException" message="Failed to connect to binary FirefoxBinary(/usr/bin/firefox) on port 7055; process output follows: 
a.org.xpi&quot;,&quot;e&quot;:false,&quot;v&quot;:&quot;35.0&quot;,&quot;st&quot;:1421097244000}},&quot;app-system-share&quot;:{&quot;webapps-team@lists.launchpad.net&quot;:{&quot;d&quot;:&quot;/usr/share/mozilla/extensions/{ec8030f7-c20a-464f-9b0e-13a3a9e97384}/webapps-team@lists.launchpad.net&quot;,&quot;e&quot;:false,&quot;v&quot;:&quot;3.0.2&quot;,&quot;st&quot;:1421999490000,&quot;mt&quot;:1397665356000},&quot;{2e1445b0-2682-11e1-bfc2-0800200c9a66}&quot;:{&quot;d&quot;:&quot;/usr/share/mozilla/extensions/{ec8030f7-c20a-464f-9b0e-13a3a9e97384}/{2e1445b0-2682-11e1-bfc2-0800200c9a66}&quot;,&quot;e&quot;:false,&quot;v&quot;:&quot;2014.08.06.beta&quot;,&quot;st&quot;:1421999490000,&quot;mt&quot;:1407283796000},&quot;ubufox@ubuntu.com&quot;:{&quot;d&quot;:&quot;/usr/share/mozilla/extensions/{ec8030f7-c20a-464f-9b0e-13a3a9e97384}/ubufox@ubuntu.com&quot;,&quot;e&quot;:false,&quot;v&quot;:&quot;3.0&quot;,&quot;st&quot;:1421999490000,&quot;mt&quot;:1420839872000}},&quot;app-system-local&quot;:{&quot;online-accounts@lists.launchpad.net&quot;:{&quot;d&quot;:&quot;/usr/lib/mozilla/extensions/{ec8030f7-c20a-464f-9b0e-13a3a9e97384}/online-accounts@lists.launchpad.net&quot;,&quot;e&quot;:false,&quot;v&quot;:&quot;0.5&quot;,&quot;st&quot;:1421999491000,&quot;mt&quot;:1390969638000}}}
1437648539348	addons.xpi	DEBUG	getModTime: Recursive scan of fxdriver@googlecode.com
1437648539384	addons.xpi	DEBUG	getModTime: Recursive scan of {972ce4c6-7e08-4474-a285-3208198ce6fd}
1437648539428	addons.xpi	DEBUG	getInstallState changed: false, state: {&quot;app-profile&quot;:{&quot;fxdriver@googlecode.com&quot;:{&quot;d&quot;:&quot;/tmp/anonymous5771086402359689910webdriver-profile/extensions/fxdriver@googlecode.com&quot;,&quot;e&quot;:true,&quot;v&quot;:&quot;2.43.0&quot;,&quot;st&quot;:1437648472000,&quot;mt&quot;:1437648472000}},&quot;app-global&quot;:{&quot;langpack-en-ZA@firefox.mozilla.org&quot;:{&quot;d&quot;:&quot;/usr/lib/firefox/browser/extensions/langpack-en-ZA@firefox.mozilla.org.xpi&quot;,&quot;e&quot;:false,&quot;v&quot;:&quot;35.0&quot;,&quot;st&quot;:1421097244000},&quot;{972ce4c6-7e08-4474-a285-3208198ce6fd}&quot;:{&quot;d&quot;:&quot;/usr/lib/firefox/browser/extensions/{972ce4c6-7e08-4474-a285-3208198ce6fd}&quot;,&quot;e&quot;:true,&quot;v&quot;:&quot;38.0&quot;,&quot;st&quot;:1432726039000,&quot;mt&quot;:1431341938000},&quot;langpack-en-GB@firefox.mozilla.org&quot;:{&quot;d&quot;:&quot;/usr/lib/firefox/browser/extensions/langpack-en-GB@firefox.mozilla.org.xpi&quot;,&quot;e&quot;:false,&quot;v&quot;:&quot;35.0&quot;,&quot;st&quot;:1421097244000}},&quot;app-system-share&quot;:{&quot;webapps-team@lists.launchpad.net&quot;:{&quot;d&quot;:&quot;/usr/share/mozilla/extensions/{ec8030f7-c20a-464f-9b0e-13a3a9e97384}/webapps-team@lists.launchpad.net&quot;,&quot;e&quot;:false,&quot;v&quot;:&quot;3.0.2&quot;,&quot;st&quot;:1421999490000,&quot;mt&quot;:1397665356000},&quot;{2e1445b0-2682-11e1-bfc2-0800200c9a66}&quot;:{&quot;d&quot;:&quot;/usr/share/mozilla/extensions/{ec8030f7-c20a-464f-9b0e-13a3a9e97384}/{2e1445b0-2682-11e1-bfc2-0800200c9a66}&quot;,&quot;e&quot;:false,&quot;v&quot;:&quot;2014.08.06.beta&quot;,&quot;st&quot;:1421999490000,&quot;mt&quot;:1407283796000},&quot;ubufox@ubuntu.com&quot;:{&quot;d&quot;:&quot;/usr/share/mozilla/extensions/{ec8030f7-c20a-464f-9b0e-13a3a9e97384}/ubufox@ubuntu.com&quot;,&quot;e&quot;:false,&quot;v&quot;:&quot;3.0&quot;,&quot;st&quot;:1421999490000,&quot;mt&quot;:1420839872000}},&quot;app-system-local&quot;:{&quot;online-accounts@lists.launchpad.net&quot;:{&quot;d&quot;:&quot;/usr/lib/mozilla/extensions/{ec8030f7-c20a-464f-9b0e-13a3a9e97384}/online-accounts@lists.launchpad.net&quot;,&quot;e&quot;:false,&quot;v&quot;:&quot;0.5&quot;,&quot;st&quot;:1421999491000,&quot;mt&quot;:1390969638000}}}
1437648539449	addons.xpi	DEBUG	No changes found
1437648539459	addons.manager	DEBUG	Registering shutdown blocker for XPIProvider
1437648539460	addons.manager	DEBUG	Provider finished startup: XPIProvider
1437648539461	addons.manager	DEBUG	Starting provider: LightweightThemeManager
1437648539461	addons.manager	DEBUG	Registering shutdown blocker for LightweightThemeManager
1437648539461	addons.manager	DEBUG	Provider finished startup: LightweightThemeManager
1437648539462	addons.manager	DEBUG	Starting provider: GMPProvider
1437648539472	addons.manager	DEBUG	Registering shutdown blocker for GMPProvider
1437648539473	addons.manager	DEBUG	Provider finished startup: GMPProvider
1437648539473	addons.manager	DEBUG	Starting provider: PluginProvider
1437648539473	addons.manager	DEBUG	Registering shutdown blocker for PluginProvider
1437648539474	addons.manager	DEBUG	Provider finished startup: PluginProvider
1437648539475	addons.manager	DEBUG	Completed startup sequence
JavaScript error: file:///tmp/anonymous5771086402359689910webdriver-profile/extensions/fxdriver@googlecode.com/components/driver-component.js, line 11464: TypeError: this.server_ is undefined
JavaScript error: chrome://fxdriver/content/server.js, line 38: NS_ERROR_XPC_CI_RETURNED_FAILURE: Component returned failure code: 0x80570015 (NS_ERROR_XPC_CI_RETURNED_FAILURE) [nsIJSCID.createInstance]

Build info: version: &#039;2.43.0&#039;, revision: &#039;accb3003b9fb8f7cae30f9669b4c594a065396a6&#039;, time: &#039;2014-09-09 22:22:51&#039;
System info: host: &#039;sayed-MS-7309&#039;, ip: &#039;127.0.1.1&#039;, os.name: &#039;Linux&#039;, os.arch: &#039;i386&#039;, os.version: &#039;3.13.0-44-generic&#039;, java.version: &#039;1.7.0_75&#039;
Driver info: driver.version: FirefoxDriver">
      <![CDATA[org.openqa.selenium.WebDriverException: Failed to connect to binary FirefoxBinary(/usr/bin/firefox) on port 7055; process output follows: 
a.org.xpi","e":false,"v":"35.0","st":1421097244000}},"app-system-share":{"webapps-team@lists.launchpad.net":{"d":"/usr/share/mozilla/extensions/{ec8030f7-c20a-464f-9b0e-13a3a9e97384}/webapps-team@lists.launchpad.net","e":false,"v":"3.0.2","st":1421999490000,"mt":1397665356000},"{2e1445b0-2682-11e1-bfc2-0800200c9a66}":{"d":"/usr/share/mozilla/extensions/{ec8030f7-c20a-464f-9b0e-13a3a9e97384}/{2e1445b0-2682-11e1-bfc2-0800200c9a66}","e":false,"v":"2014.08.06.beta","st":1421999490000,"mt":1407283796000},"ubufox@ubuntu.com":{"d":"/usr/share/mozilla/extensions/{ec8030f7-c20a-464f-9b0e-13a3a9e97384}/ubufox@ubuntu.com","e":false,"v":"3.0","st":1421999490000,"mt":1420839872000}},"app-system-local":{"online-accounts@lists.launchpad.net":{"d":"/usr/lib/mozilla/extensions/{ec8030f7-c20a-464f-9b0e-13a3a9e97384}/online-accounts@lists.launchpad.net","e":false,"v":"0.5","st":1421999491000,"mt":1390969638000}}}
1437648539348	addons.xpi	DEBUG	getModTime: Recursive scan of fxdriver@googlecode.com
1437648539384	addons.xpi	DEBUG	getModTime: Recursive scan of {972ce4c6-7e08-4474-a285-3208198ce6fd}
1437648539428	addons.xpi	DEBUG	getInstallState changed: false, state: {"app-profile":{"fxdriver@googlecode.com":{"d":"/tmp/anonymous5771086402359689910webdriver-profile/extensions/fxdriver@googlecode.com","e":true,"v":"2.43.0","st":1437648472000,"mt":1437648472000}},"app-global":{"langpack-en-ZA@firefox.mozilla.org":{"d":"/usr/lib/firefox/browser/extensions/langpack-en-ZA@firefox.mozilla.org.xpi","e":false,"v":"35.0","st":1421097244000},"{972ce4c6-7e08-4474-a285-3208198ce6fd}":{"d":"/usr/lib/firefox/browser/extensions/{972ce4c6-7e08-4474-a285-3208198ce6fd}","e":true,"v":"38.0","st":1432726039000,"mt":1431341938000},"langpack-en-GB@firefox.mozilla.org":{"d":"/usr/lib/firefox/browser/extensions/langpack-en-GB@firefox.mozilla.org.xpi","e":false,"v":"35.0","st":1421097244000}},"app-system-share":{"webapps-team@lists.launchpad.net":{"d":"/usr/share/mozilla/extensions/{ec8030f7-c20a-464f-9b0e-13a3a9e97384}/webapps-team@lists.launchpad.net","e":false,"v":"3.0.2","st":1421999490000,"mt":1397665356000},"{2e1445b0-2682-11e1-bfc2-0800200c9a66}":{"d":"/usr/share/mozilla/extensions/{ec8030f7-c20a-464f-9b0e-13a3a9e97384}/{2e1445b0-2682-11e1-bfc2-0800200c9a66}","e":false,"v":"2014.08.06.beta","st":1421999490000,"mt":1407283796000},"ubufox@ubuntu.com":{"d":"/usr/share/mozilla/extensions/{ec8030f7-c20a-464f-9b0e-13a3a9e97384}/ubufox@ubuntu.com","e":false,"v":"3.0","st":1421999490000,"mt":1420839872000}},"app-system-local":{"online-accounts@lists.launchpad.net":{"d":"/usr/lib/mozilla/extensions/{ec8030f7-c20a-464f-9b0e-13a3a9e97384}/online-accounts@lists.launchpad.net","e":false,"v":"0.5","st":1421999491000,"mt":1390969638000}}}
1437648539449	addons.xpi	DEBUG	No changes found
1437648539459	addons.manager	DEBUG	Registering shutdown blocker for XPIProvider
1437648539460	addons.manager	DEBUG	Provider finished startup: XPIProvider
1437648539461	addons.manager	DEBUG	Starting provider: LightweightThemeManager
1437648539461	addons.manager	DEBUG	Registering shutdown blocker for LightweightThemeManager
1437648539461	addons.manager	DEBUG	Provider finished startup: LightweightThemeManager
1437648539462	addons.manager	DEBUG	Starting provider: GMPProvider
1437648539472	addons.manager	DEBUG	Registering shutdown blocker for GMPProvider
1437648539473	addons.manager	DEBUG	Provider finished startup: GMPProvider
1437648539473	addons.manager	DEBUG	Starting provider: PluginProvider
1437648539473	addons.manager	DEBUG	Registering shutdown blocker for PluginProvider
1437648539474	addons.manager	DEBUG	Provider finished startup: PluginProvider
1437648539475	addons.manager	DEBUG	Completed startup sequence
JavaScript error: file:///tmp/anonymous5771086402359689910webdriver-profile/extensions/fxdriver@googlecode.com/components/driver-component.js, line 11464: TypeError: this.server_ is undefined
JavaScript error: chrome://fxdriver/content/server.js, line 38: NS_ERROR_XPC_CI_RETURNED_FAILURE: Component returned failure code: 0x80570015 (NS_ERROR_XPC_CI_RETURNED_FAILURE) [nsIJSCID.createInstance]

Build info: version: '2.43.0', revision: 'accb3003b9fb8f7cae30f9669b4c594a065396a6', time: '2014-09-09 22:22:51'
System info: host: 'sayed-MS-7309', ip: '127.0.1.1', os.name: 'Linux', os.arch: 'i386', os.version: '3.13.0-44-generic', java.version: '1.7.0_75'
Driver info: driver.version: FirefoxDriver
	at org.openqa.selenium.firefox.internal.NewProfileExtensionConnection.start(NewProfileExtensionConnection.java:130)
	at org.openqa.selenium.firefox.FirefoxDriver.startClient(FirefoxDriver.java:246)
	at org.openqa.selenium.remote.RemoteWebDriver.<init>(RemoteWebDriver.java:114)
	at org.openqa.selenium.firefox.FirefoxDriver.<init>(FirefoxDriver.java:191)
	at org.openqa.selenium.firefox.FirefoxDriver.<init>(FirefoxDriver.java:186)
	at org.openqa.selenium.firefox.FirefoxDriver.<init>(FirefoxDriver.java:182)
	at org.openqa.selenium.firefox.FirefoxDriver.<init>(FirefoxDriver.java:95)
	at Laitkorgp.AppTest.bef(AppTest.java:32)
	at sun.reflect.NativeMethodAccessorImpl.invoke0(Native Method)
	at sun.reflect.NativeMethodAccessorImpl.invoke(NativeMethodAccessorImpl.java:57)
	at sun.reflect.DelegatingMethodAccessorImpl.invoke(DelegatingMethodAccessorImpl.java:43)
	at java.lang.reflect.Method.invoke(Method.java:606)
	at org.testng.internal.MethodInvocationHelper.invokeMethod(MethodInvocationHelper.java:80)
	at org.testng.internal.Invoker.invokeConfigurationMethod(Invoker.java:525)
	at org.testng.internal.Invoker.invokeConfigurations(Invoker.java:202)
	at org.testng.internal.Invoker.invokeMethod(Invoker.java:613)
	at org.testng.internal.Invoker.invokeTestMethod(Invoker.java:842)
	at org.testng.internal.Invoker.invokeTestMethods(Invoker.java:1166)
	at org.testng.internal.TestMethodWorker.invokeTestMethods(TestMethodWorker.java:125)
	at org.testng.internal.TestMethodWorker.run(TestMethodWorker.java:109)
	at org.testng.TestRunner.runWorkers(TestRunner.java:1178)
	at org.testng.TestRunner.privateRun(TestRunner.java:757)
	at org.testng.TestRunner.run(TestRunner.java:608)
	at org.testng.SuiteRunner.runTest(SuiteRunner.java:334)
	at org.testng.SuiteRunner.access$000(SuiteRunner.java:36)
	at org.testng.SuiteRunner$SuiteWorker.run(SuiteRunner.java:368)
	at org.testng.internal.thread.ThreadUtil$CountDownLatchedRunnable.run(ThreadUtil.java:165)
	at java.util.concurrent.ThreadPoolExecutor.runWorker(ThreadPoolExecutor.java:1145)
	at java.util.concurrent.ThreadPoolExecutor$Worker.run(ThreadPoolExecutor.java:615)
	at java.lang.Thread.run(Thread.java:745)
Caused by: org.openqa.selenium.firefox.NotConnectedException: Unable to connect to host 127.0.0.1 on port 7055 after 45000 ms. Firefox console output:
a.org.xpi","e":false,"v":"35.0","st":1421097244000}},"app-system-share":{"webapps-team@lists.launchpad.net":{"d":"/usr/share/mozilla/extensions/{ec8030f7-c20a-464f-9b0e-13a3a9e97384}/webapps-team@lists.launchpad.net","e":false,"v":"3.0.2","st":1421999490000,"mt":1397665356000},"{2e1445b0-2682-11e1-bfc2-0800200c9a66}":{"d":"/usr/share/mozilla/extensions/{ec8030f7-c20a-464f-9b0e-13a3a9e97384}/{2e1445b0-2682-11e1-bfc2-0800200c9a66}","e":false,"v":"2014.08.06.beta","st":1421999490000,"mt":1407283796000},"ubufox@ubuntu.com":{"d":"/usr/share/mozilla/extensions/{ec8030f7-c20a-464f-9b0e-13a3a9e97384}/ubufox@ubuntu.com","e":false,"v":"3.0","st":1421999490000,"mt":1420839872000}},"app-system-local":{"online-accounts@lists.launchpad.net":{"d":"/usr/lib/mozilla/extensions/{ec8030f7-c20a-464f-9b0e-13a3a9e97384}/online-accounts@lists.launchpad.net","e":false,"v":"0.5","st":1421999491000,"mt":1390969638000}}}
1437648539348	addons.xpi	DEBUG	getModTime: Recursive scan of fxdriver@googlecode.com
1437648539384	addons.xpi	DEBUG	getModTime: Recursive scan of {972ce4c6-7e08-4474-a285-3208198ce6fd}
1437648539428	addons.xpi	DEBUG	getInstallState changed: false, state: {"app-profile":{"fxdriver@googlecode.com":{"d":"/tmp/anonymous5771086402359689910webdriver-profile/extensions/fxdriver@googlecode.com","e":true,"v":"2.43.0","st":1437648472000,"mt":1437648472000}},"app-global":{"langpack-en-ZA@firefox.mozilla.org":{"d":"/usr/lib/firefox/browser/extensions/langpack-en-ZA@firefox.mozilla.org.xpi","e":false,"v":"35.0","st":1421097244000},"{972ce4c6-7e08-4474-a285-3208198ce6fd}":{"d":"/usr/lib/firefox/browser/extensions/{972ce4c6-7e08-4474-a285-3208198ce6fd}","e":true,"v":"38.0","st":1432726039000,"mt":1431341938000},"langpack-en-GB@firefox.mozilla.org":{"d":"/usr/lib/firefox/browser/extensions/langpack-en-GB@firefox.mozilla.org.xpi","e":false,"v":"35.0","st":1421097244000}},"app-system-share":{"webapps-team@lists.launchpad.net":{"d":"/usr/share/mozilla/extensions/{ec8030f7-c20a-464f-9b0e-13a3a9e97384}/webapps-team@lists.launchpad.net","e":false,"v":"3.0.2","st":1421999490000,"mt":1397665356000},"{2e1445b0-2682-11e1-bfc2-0800200c9a66}":{"d":"/usr/share/mozilla/extensions/{ec8030f7-c20a-464f-9b0e-13a3a9e97384}/{2e1445b0-2682-11e1-bfc2-0800200c9a66}","e":false,"v":"2014.08.06.beta","st":1421999490000,"mt":1407283796000},"ubufox@ubuntu.com":{"d":"/usr/share/mozilla/extensions/{ec8030f7-c20a-464f-9b0e-13a3a9e97384}/ubufox@ubuntu.com","e":false,"v":"3.0","st":1421999490000,"mt":1420839872000}},"app-system-local":{"online-accounts@lists.launchpad.net":{"d":"/usr/lib/mozilla/extensions/{ec8030f7-c20a-464f-9b0e-13a3a9e97384}/online-accounts@lists.launchpad.net","e":false,"v":"0.5","st":1421999491000,"mt":1390969638000}}}
1437648539449	addons.xpi	DEBUG	No changes found
1437648539459	addons.manager	DEBUG	Registering shutdown blocker for XPIProvider
1437648539460	addons.manager	DEBUG	Provider finished startup: XPIProvider
1437648539461	addons.manager	DEBUG	Starting provider: LightweightThemeManager
1437648539461	addons.manager	DEBUG	Registering shutdown blocker for LightweightThemeManager
1437648539461	addons.manager	DEBUG	Provider finished startup: LightweightThemeManager
1437648539462	addons.manager	DEBUG	Starting provider: GMPProvider
1437648539472	addons.manager	DEBUG	Registering shutdown blocker for GMPProvider
1437648539473	addons.manager	DEBUG	Provider finished startup: GMPProvider
1437648539473	addons.manager	DEBUG	Starting provider: PluginProvider
1437648539473	addons.manager	DEBUG	Registering shutdown blocker for PluginProvider
1437648539474	addons.manager	DEBUG	Provider finished startup: PluginProvider
1437648539475	addons.manager	DEBUG	Completed startup sequence
JavaScript error: file:///tmp/anonymous5771086402359689910webdriver-profile/extensions/fxdriver@googlecode.com/components/driver-component.js, line 11464: TypeError: this.server_ is undefined
JavaScript error: chrome://fxdriver/content/server.js, line 38: NS_ERROR_XPC_CI_RETURNED_FAILURE: Component returned failure code: 0x80570015 (NS_ERROR_XPC_CI_RETURNED_FAILURE) [nsIJSCID.createInstance]

	at org.openqa.selenium.firefox.internal.NewProfileExtensionConnection.start(NewProfileExtensionConnection.java:118)
	... 29 more
]]>
    </failure>
  </testcase>
</testsuite>
