<?xml version="1.0" encoding="UTF-8"?>
<!-- Generated by org.testng.reporters.JUnitReportReporter -->
<testsuite hostname="sayed-MS-7309" name="Laitkorgp.AppTest" tests="2" failures="0" timestamp="23 Jul 2015 09:52:28 GMT" time="120.442" errors="0">
  <testcase name="eppregcheck" time="71.473" classname="Laitkorgp.AppTest"/>
  <testcase name="eppregcheck" time="48.969" classname="Laitkorgp.AppTest"/>
</testsuite> <!-- Laitkorgp.AppTest -->
